[debug] [2023-03-21T16:01:58.752Z] ----------------------------------------------------------------------
[debug] [2023-03-21T16:01:58.755Z] Command:       C:\Program Files\nodejs\node.exe C:\Users\andresbrown11\AppData\Roaming\npm\node_modules\firebase-tools\lib\bin\firebase.js init
[debug] [2023-03-21T16:01:58.757Z] CLI Version:   11.20.0
[debug] [2023-03-21T16:01:58.757Z] Platform:      win32
[debug] [2023-03-21T16:01:58.757Z] Node Version:  v16.17.0
[debug] [2023-03-21T16:01:58.764Z] Time:          Tue Mar 21 2023 11:01:58 GMT-0500 (Colombia Standard Time)
[debug] [2023-03-21T16:01:58.765Z] ----------------------------------------------------------------------
[debug] 
[debug] [2023-03-21T16:01:58.782Z] > command requires scopes: ["email","openid","https://www.googleapis.com/auth/cloudplatformprojects.readonly","https://www.googleapis.com/auth/firebase","https://www.googleapis.com/auth/cloud-platform"]
[debug] [2023-03-21T16:01:58.783Z] > authorizing via signed-in user (anddresbrown11@gmail.com)
[info] 
     ######## #### ########  ######## ########     ###     ######  ########
     ##        ##  ##     ## ##       ##     ##  ##   ##  ##       ##
     ######    ##  ########  ######   ########  #########  ######  ######
     ##        ##  ##    ##  ##       ##     ## ##     ##       ## ##
     ##       #### ##     ## ######## ########  ##     ##  ######  ########

You're about to initialize a Firebase project in this directory:

  C:\Users\andresbrown11\Documents\WebMundoCreativo2023

[info] 
=== Project Setup
[info] 
[info] First, let's associate this project directory with a Firebase project.
[info] You can create multiple project aliases by running firebase use --add, 
[info] but for now we'll just set up a default project.
[info] 
[debug] [2023-03-21T16:02:11.633Z] > refreshing access token with scopes: []
[debug] [2023-03-21T16:02:11.637Z] >>> [apiv2][query] POST https://www.googleapis.com/oauth2/v3/token [none]
[debug] [2023-03-21T16:02:11.637Z] >>> [apiv2][body] POST https://www.googleapis.com/oauth2/v3/token [omitted]
[debug] [2023-03-21T16:02:12.787Z] <<< [apiv2][status] POST https://www.googleapis.com/oauth2/v3/token 200
[debug] [2023-03-21T16:02:12.788Z] <<< [apiv2][body] POST https://www.googleapis.com/oauth2/v3/token [omitted]
[debug] [2023-03-21T16:02:12.806Z] >>> [apiv2][query] GET https://firebase.googleapis.com/v1beta1/projects pageSize=100
[debug] [2023-03-21T16:02:13.533Z] <<< [apiv2][status] GET https://firebase.googleapis.com/v1beta1/projects 200
[debug] [2023-03-21T16:02:13.533Z] <<< [apiv2][body] GET https://firebase.googleapis.com/v1beta1/projects [omitted]
[info] i  Using project clinicsaludweb (clinicsaludweb) 
[info] 
=== Hosting Setup
[info] 
[info] Your public directory is the folder (relative to your project directory) that
[info] will contain Hosting assets to be uploaded with firebase deploy. If you
[info] have a build process for your assets, use your build's output directory.
[info] 
